Virtual User Script started at: 03-06-2020 20:20:16	[MsgId: MMSG-15967]
Starting action vuser_init.	[MsgId: MMSG-15919]
Web Turbo Replay of LoadRunner 12.60.0 (Aug 09 2018 11:27:13)  	[MsgId: MMSG-27143]
Run mode: HTML  	[MsgId: MMSG-26993]
Replay user agent: Mozilla/5.0 (Windows; en) AppleWebKit/ (KHTML, like Gecko) Chrome/36.0.1985.125  	[MsgId: MMSG-26988]
Ending action vuser_init.	[MsgId: MMSG-15918]
Running Vuser...	[MsgId: MMSG-15964]
Starting iteration 1.	[MsgId: MMSG-15968]
Maximum number of concurrent connections per server: 6  	[MsgId: MMSG-26989]
Starting action User_Login.	[MsgId: MMSG-15919]
User_Login.c(3): web_set_sockets_option started  	[MsgId: MMSG-26355]
User_Login.c(3): web_set_sockets_option was successful  	[MsgId: MMSG-26392]
User_Login.c(7): web_reg_save_param_ex started  	[MsgId: MMSG-26355]
User_Login.c(7): Registering web_reg_save_param_ex was successful  	[MsgId: MMSG-26390]
User_Login.c(17): web_reg_save_param_ex started  	[MsgId: MMSG-26355]
User_Login.c(17): Registering web_reg_save_param_ex was successful  	[MsgId: MMSG-26390]
User_Login.c(25): web_reg_find started  	[MsgId: MMSG-26355]
User_Login.c(25): Registering web_reg_find was successful  	[MsgId: MMSG-26390]
User_Login.c(29): Notify: Transaction "SC02_BookingFlight_T01_LaunchPage" started.	[MsgId: MMSG-16999]
User_Login.c(31): web_url("WebTours") started  	[MsgId: MMSG-26355]
User_Login.c(31): Notify: Parameter Substitution: parameter "pServerName" =  "127.0.0.1"	[MsgId: MMSG-13992]
User_Login.c(31): Notify: Parameter Substitution: parameter "pPortNo" =  "1080"	[MsgId: MMSG-13992]
User_Login.c(31): Error -27792: Failed to connect to server "127.0.0.1:1080": [10061] Connection refused  	[MsgId: MERR-27792]
User_Login.c(31): Error -26377: No match found for the requested parameter "cUserSession". Either the specified boundaries were not found in the response or the matched text is longer than current max html parameter size of 256 bytes. The total length of the response is 0 bytes. You can use "web_set_max_html_param_len" to increase the max parameter size.  	[MsgId: MERR-26377]
User_Login.c(31): Notify: Saving Parameter "cUserSession = ".	[MsgId: MMSG-13798]
User_Login.c(31): Error -26377: No match found for the requested parameter "cJSFormSubmit1". Either the specified boundaries were not found in the response or the matched text is longer than current max html parameter size of 256 bytes. The total length of the response is 0 bytes. You can use "web_set_max_html_param_len" to increase the max parameter size.  	[MsgId: MERR-26377]
User_Login.c(31): Notify: Saving Parameter "cJSFormSubmit1 = ".	[MsgId: MMSG-13798]
User_Login.c(31): Registered web_reg_find successful for "Text=Welcome to the Web Tours site."  	[MsgId: MMSG-26362]
User_Login.c(31): Notify: Saving Parameter "Welcome_Count = 0".	[MsgId: MMSG-13798]
User_Login.c(31): Error -26374: The above "not found" error(s) may be explained by header and body byte counts being 0 and 0, respectively.  	[MsgId: MERR-26374]
User_Login.c(31): web_url("WebTours") highest severity level was "ERROR", 0 body bytes, 0 header bytes  	[MsgId: MMSG-26388]
User_Login.c(31): Notify: Transaction "SC02_BookingFlight_T01_LaunchPage" ended with a "Fail" status (Duration: 2.0090).	[MsgId: MMSG-16873]
User_Login.c(31): Notify: Transaction "SC02_BookingFlight_T01_LaunchPage" has 4 error message(s).	[MsgId: MMSG-16818]
User_Login.c(31): Notify: The 1st error message associated with transaction "SC02_BookingFlight_T01_LaunchPage" is "Error -27792: Failed to connect to server "127.0.0.1:1080": [10061] Connection refused"	[MsgId: MMSG-16819]
User_Login.c(31): Notify: The 2nd error message associated with transaction "SC02_BookingFlight_T01_LaunchPage" is "Error -26377: No match found for the requested parameter "cUserSession". Either the specified boundaries were not found in the response or the matched text is longer than current max html parameter size of 256 bytes. The total length of the response is 0 bytes. You can use "web_set_max_html_param_len" to increase the max parameter size."	[MsgId: MMSG-16819]
User_Login.c(31): Notify: The 3rd error message associated with transaction "SC02_BookingFlight_T01_LaunchPage" is "Error -26377: No match found for the requested parameter "cJSFormSubmit1". Either the specified boundaries were not found in the response or the matched text is longer than current max html parameter size of 256 bytes. The total length of the response is 0 bytes. You can use "web_set_max_html_param_len" to increase the max parameter size."	[MsgId: MMSG-16819]
User_Login.c(31): Notify: The 4th error message associated with transaction "SC02_BookingFlight_T01_LaunchPage" is "Error -26374: The above "not found" error(s) may be explained by header and body byte counts being 0 and 0, respectively."	[MsgId: MMSG-16819]
Ending action User_Login.	[MsgId: MMSG-15918]
Ending iteration 1.	[MsgId: MMSG-15965]
Waiting 120.0000 seconds for iteration pacing.	[MsgId: MMSG-15996]
Virtual User Script started at: 03-06-2020 20:20:21	[MsgId: MMSG-15967]
Starting action vuser_init.	[MsgId: MMSG-15919]
Web Turbo Replay of LoadRunner 12.60.0 (Aug 09 2018 11:27:13)  	[MsgId: MMSG-27143]
Run mode: HTML  	[MsgId: MMSG-26993]
Replay user agent: Mozilla/5.0 (Windows; en) AppleWebKit/ (KHTML, like Gecko) Chrome/36.0.1985.125  	[MsgId: MMSG-26988]
Ending action vuser_init.	[MsgId: MMSG-15918]
Running Vuser...	[MsgId: MMSG-15964]
Starting iteration 1.	[MsgId: MMSG-15968]
Maximum number of concurrent connections per server: 6  	[MsgId: MMSG-26989]
Starting action User_Login.	[MsgId: MMSG-15919]
User_Login.c(3): web_set_sockets_option started  	[MsgId: MMSG-26355]
User_Login.c(3): web_set_sockets_option was successful  	[MsgId: MMSG-26392]
User_Login.c(7): web_reg_save_param_ex started  	[MsgId: MMSG-26355]
User_Login.c(7): Registering web_reg_save_param_ex was successful  	[MsgId: MMSG-26390]
User_Login.c(17): web_reg_save_param_ex started  	[MsgId: MMSG-26355]
User_Login.c(17): Registering web_reg_save_param_ex was successful  	[MsgId: MMSG-26390]
User_Login.c(25): web_reg_find started  	[MsgId: MMSG-26355]
User_Login.c(25): Registering web_reg_find was successful  	[MsgId: MMSG-26390]
User_Login.c(29): Notify: Transaction "SC02_BookingFlight_T01_LaunchPage" started.	[MsgId: MMSG-16999]
User_Login.c(31): web_url("WebTours") started  	[MsgId: MMSG-26355]
User_Login.c(31): Notify: Parameter Substitution: parameter "pServerName" =  "127.0.0.1"	[MsgId: MMSG-13992]
User_Login.c(31): Notify: Parameter Substitution: parameter "pPortNo" =  "1080"	[MsgId: MMSG-13992]
User_Login.c(31): Error -27792: Failed to connect to server "127.0.0.1:1080": [10061] Connection refused  	[MsgId: MERR-27792]
User_Login.c(31): Error -26377: No match found for the requested parameter "cUserSession". Either the specified boundaries were not found in the response or the matched text is longer than current max html parameter size of 256 bytes. The total length of the response is 0 bytes. You can use "web_set_max_html_param_len" to increase the max parameter size.  	[MsgId: MERR-26377]
User_Login.c(31): Notify: Saving Parameter "cUserSession = ".	[MsgId: MMSG-13798]
User_Login.c(31): Error -26377: No match found for the requested parameter "cJSFormSubmit1". Either the specified boundaries were not found in the response or the matched text is longer than current max html parameter size of 256 bytes. The total length of the response is 0 bytes. You can use "web_set_max_html_param_len" to increase the max parameter size.  	[MsgId: MERR-26377]
User_Login.c(31): Notify: Saving Parameter "cJSFormSubmit1 = ".	[MsgId: MMSG-13798]
User_Login.c(31): Registered web_reg_find successful for "Text=Welcome to the Web Tours site."  	[MsgId: MMSG-26362]
User_Login.c(31): Notify: Saving Parameter "Welcome_Count = 0".	[MsgId: MMSG-13798]
User_Login.c(31): Error -26374: The above "not found" error(s) may be explained by header and body byte counts being 0 and 0, respectively.  	[MsgId: MERR-26374]
User_Login.c(31): web_url("WebTours") highest severity level was "ERROR", 0 body bytes, 0 header bytes  	[MsgId: MMSG-26388]
User_Login.c(31): Notify: Transaction "SC02_BookingFlight_T01_LaunchPage" ended with a "Fail" status (Duration: 2.0066).	[MsgId: MMSG-16873]
User_Login.c(31): Notify: Transaction "SC02_BookingFlight_T01_LaunchPage" has 4 error message(s).	[MsgId: MMSG-16818]
User_Login.c(31): Notify: The 1st error message associated with transaction "SC02_BookingFlight_T01_LaunchPage" is "Error -27792: Failed to connect to server "127.0.0.1:1080": [10061] Connection refused"	[MsgId: MMSG-16819]
User_Login.c(31): Notify: The 2nd error message associated with transaction "SC02_BookingFlight_T01_LaunchPage" is "Error -26377: No match found for the requested parameter "cUserSession". Either the specified boundaries were not found in the response or the matched text is longer than current max html parameter size of 256 bytes. The total length of the response is 0 bytes. You can use "web_set_max_html_param_len" to increase the max parameter size."	[MsgId: MMSG-16819]
User_Login.c(31): Notify: The 3rd error message associated with transaction "SC02_BookingFlight_T01_LaunchPage" is "Error -26377: No match found for the requested parameter "cJSFormSubmit1". Either the specified boundaries were not found in the response or the matched text is longer than current max html parameter size of 256 bytes. The total length of the response is 0 bytes. You can use "web_set_max_html_param_len" to increase the max parameter size."	[MsgId: MMSG-16819]
User_Login.c(31): Notify: The 4th error message associated with transaction "SC02_BookingFlight_T01_LaunchPage" is "Error -26374: The above "not found" error(s) may be explained by header and body byte counts being 0 and 0, respectively."	[MsgId: MMSG-16819]
Ending action User_Login.	[MsgId: MMSG-15918]
Ending iteration 1.	[MsgId: MMSG-15965]
Waiting 120.0000 seconds for iteration pacing.	[MsgId: MMSG-15996]
Virtual User Script started at: 03-06-2020 20:20:27	[MsgId: MMSG-15967]
Starting action vuser_init.	[MsgId: MMSG-15919]
Web Turbo Replay of LoadRunner 12.60.0 (Aug 09 2018 11:27:13)  	[MsgId: MMSG-27143]
Run mode: HTML  	[MsgId: MMSG-26993]
Replay user agent: Mozilla/5.0 (Windows; en) AppleWebKit/ (KHTML, like Gecko) Chrome/36.0.1985.125  	[MsgId: MMSG-26988]
Ending action vuser_init.	[MsgId: MMSG-15918]
Running Vuser...	[MsgId: MMSG-15964]
Starting iteration 1.	[MsgId: MMSG-15968]
Maximum number of concurrent connections per server: 6  	[MsgId: MMSG-26989]
Starting action User_Login.	[MsgId: MMSG-15919]
User_Login.c(3): web_set_sockets_option started  	[MsgId: MMSG-26355]
User_Login.c(3): web_set_sockets_option was successful  	[MsgId: MMSG-26392]
User_Login.c(7): web_reg_save_param_ex started  	[MsgId: MMSG-26355]
User_Login.c(7): Registering web_reg_save_param_ex was successful  	[MsgId: MMSG-26390]
User_Login.c(17): web_reg_save_param_ex started  	[MsgId: MMSG-26355]
User_Login.c(17): Registering web_reg_save_param_ex was successful  	[MsgId: MMSG-26390]
User_Login.c(25): web_reg_find started  	[MsgId: MMSG-26355]
User_Login.c(25): Registering web_reg_find was successful  	[MsgId: MMSG-26390]
User_Login.c(29): Notify: Transaction "SC02_BookingFlight_T01_LaunchPage" started.	[MsgId: MMSG-16999]
User_Login.c(31): web_url("WebTours") started  	[MsgId: MMSG-26355]
User_Login.c(31): Notify: Parameter Substitution: parameter "pServerName" =  "127.0.0.1"	[MsgId: MMSG-13992]
User_Login.c(31): Notify: Parameter Substitution: parameter "pPortNo" =  "1080"	[MsgId: MMSG-13992]
User_Login.c(31): Error -27792: Failed to connect to server "127.0.0.1:1080": [10061] Connection refused  	[MsgId: MERR-27792]
User_Login.c(31): Error -26377: No match found for the requested parameter "cUserSession". Either the specified boundaries were not found in the response or the matched text is longer than current max html parameter size of 256 bytes. The total length of the response is 0 bytes. You can use "web_set_max_html_param_len" to increase the max parameter size.  	[MsgId: MERR-26377]
User_Login.c(31): Notify: Saving Parameter "cUserSession = ".	[MsgId: MMSG-13798]
User_Login.c(31): Error -26377: No match found for the requested parameter "cJSFormSubmit1". Either the specified boundaries were not found in the response or the matched text is longer than current max html parameter size of 256 bytes. The total length of the response is 0 bytes. You can use "web_set_max_html_param_len" to increase the max parameter size.  	[MsgId: MERR-26377]
User_Login.c(31): Notify: Saving Parameter "cJSFormSubmit1 = ".	[MsgId: MMSG-13798]
User_Login.c(31): Registered web_reg_find successful for "Text=Welcome to the Web Tours site."  	[MsgId: MMSG-26362]
User_Login.c(31): Notify: Saving Parameter "Welcome_Count = 0".	[MsgId: MMSG-13798]
User_Login.c(31): Error -26374: The above "not found" error(s) may be explained by header and body byte counts being 0 and 0, respectively.  	[MsgId: MERR-26374]
User_Login.c(31): web_url("WebTours") highest severity level was "ERROR", 0 body bytes, 0 header bytes  	[MsgId: MMSG-26388]
User_Login.c(31): Notify: Transaction "SC02_BookingFlight_T01_LaunchPage" ended with a "Fail" status (Duration: 2.0061).	[MsgId: MMSG-16873]
User_Login.c(31): Notify: Transaction "SC02_BookingFlight_T01_LaunchPage" has 4 error message(s).	[MsgId: MMSG-16818]
User_Login.c(31): Notify: The 1st error message associated with transaction "SC02_BookingFlight_T01_LaunchPage" is "Error -27792: Failed to connect to server "127.0.0.1:1080": [10061] Connection refused"	[MsgId: MMSG-16819]
User_Login.c(31): Notify: The 2nd error message associated with transaction "SC02_BookingFlight_T01_LaunchPage" is "Error -26377: No match found for the requested parameter "cUserSession". Either the specified boundaries were not found in the response or the matched text is longer than current max html parameter size of 256 bytes. The total length of the response is 0 bytes. You can use "web_set_max_html_param_len" to increase the max parameter size."	[MsgId: MMSG-16819]
User_Login.c(31): Notify: The 3rd error message associated with transaction "SC02_BookingFlight_T01_LaunchPage" is "Error -26377: No match found for the requested parameter "cJSFormSubmit1". Either the specified boundaries were not found in the response or the matched text is longer than current max html parameter size of 256 bytes. The total length of the response is 0 bytes. You can use "web_set_max_html_param_len" to increase the max parameter size."	[MsgId: MMSG-16819]
User_Login.c(31): Notify: The 4th error message associated with transaction "SC02_BookingFlight_T01_LaunchPage" is "Error -26374: The above "not found" error(s) may be explained by header and body byte counts being 0 and 0, respectively."	[MsgId: MMSG-16819]
Ending action User_Login.	[MsgId: MMSG-15918]
Ending iteration 1.	[MsgId: MMSG-15965]
Waiting 120.0000 seconds for iteration pacing.	[MsgId: MMSG-15996]
Action was aborted.	[MsgId: MMSG-10694]
Ending Vuser...	[MsgId: MMSG-15966]
Starting action vuser_end.	[MsgId: MMSG-15919]
Ending action vuser_end.	[MsgId: MMSG-15918]
Vuser Terminated.	[MsgId: MMSG-15963]
Action was aborted.	[MsgId: MMSG-10694]
Ending Vuser...	[MsgId: MMSG-15966]
Starting action vuser_end.	[MsgId: MMSG-15919]
Ending action vuser_end.	[MsgId: MMSG-15918]
Vuser Terminated.	[MsgId: MMSG-15963]
Action was aborted.	[MsgId: MMSG-10694]
Ending Vuser...	[MsgId: MMSG-15966]
Starting action vuser_end.	[MsgId: MMSG-15919]
Ending action vuser_end.	[MsgId: MMSG-15918]
Vuser Terminated.	[MsgId: MMSG-15963]
Vuser 1 (thread 1604), ended OK."	[MsgId: MMSG-10695]
Vuser 0 (thread 12908), ended OK."	[MsgId: MMSG-10695]
Vuser 2 (thread 14128), ended OK."	[MsgId: MMSG-10695]
