Start auto log messages stack - Iteration 1.	[MsgId: MMSG-10545]
Flight_Booking.c(140): London	[MsgId: MMSG-17999]
Flight_Booking.c(140): Los Angeles	[MsgId: MMSG-17999]
Flight_Booking.c(140): Paris	[MsgId: MMSG-17999]
Flight_Booking.c(140): Portland	[MsgId: MMSG-17999]
Flight_Booking.c(140): San Francisco	[MsgId: MMSG-17999]
Flight_Booking.c(140): Seattle	[MsgId: MMSG-17999]
Flight_Booking.c(140): Sydney	[MsgId: MMSG-17999]
Flight_Booking.c(140): Zurich	[MsgId: MMSG-17999]
Flight_Booking.c(140): Denver	[MsgId: MMSG-17999]
Flight_Booking.c(140): Frankfurt	[MsgId: MMSG-17999]
Flight_Booking.c(140): London	[MsgId: MMSG-17999]
Flight_Booking.c(140): Los Angeles	[MsgId: MMSG-17999]
Flight_Booking.c(140): Paris	[MsgId: MMSG-17999]
Flight_Booking.c(140): Portland	[MsgId: MMSG-17999]
Flight_Booking.c(140): San Francisco	[MsgId: MMSG-17999]
Flight_Booking.c(140): Seattle	[MsgId: MMSG-17999]
Flight_Booking.c(140): Sydney	[MsgId: MMSG-17999]
Flight_Booking.c(140): Zurich	[MsgId: MMSG-17999]
Flight_Booking.c(144): Zurich	[MsgId: MMSG-17999]
Flight_Booking.c(169): Error: C interpreter run time error: Flight_Booking.c (169):  Error -- memory violation : Exception ACCESS_VIOLATION received.	[MsgId: MERR-19890]
End auto log messages stack.	[MsgId: MMSG-10544]


Start auto log messages stack - Iteration 1.	[MsgId: MMSG-10545]
Flight_Booking.c(140): London	[MsgId: MMSG-17999]
Flight_Booking.c(140): Los Angeles	[MsgId: MMSG-17999]
Flight_Booking.c(140): Paris	[MsgId: MMSG-17999]
Flight_Booking.c(140): Portland	[MsgId: MMSG-17999]
Flight_Booking.c(140): San Francisco	[MsgId: MMSG-17999]
Flight_Booking.c(140): Seattle	[MsgId: MMSG-17999]
Flight_Booking.c(140): Sydney	[MsgId: MMSG-17999]
Flight_Booking.c(140): Zurich	[MsgId: MMSG-17999]
Flight_Booking.c(140): Denver	[MsgId: MMSG-17999]
Flight_Booking.c(140): Frankfurt	[MsgId: MMSG-17999]
Flight_Booking.c(140): London	[MsgId: MMSG-17999]
Flight_Booking.c(140): Los Angeles	[MsgId: MMSG-17999]
Flight_Booking.c(140): Paris	[MsgId: MMSG-17999]
Flight_Booking.c(140): Portland	[MsgId: MMSG-17999]
Flight_Booking.c(140): San Francisco	[MsgId: MMSG-17999]
Flight_Booking.c(140): Seattle	[MsgId: MMSG-17999]
Flight_Booking.c(140): Sydney	[MsgId: MMSG-17999]
Flight_Booking.c(140): Zurich	[MsgId: MMSG-17999]
Flight_Booking.c(144): Zurich	[MsgId: MMSG-17999]
Flight_Booking.c(169): Error: C interpreter run time error: Flight_Booking.c (169):  Error -- memory violation : Exception ACCESS_VIOLATION received.	[MsgId: MERR-19890]
End auto log messages stack.	[MsgId: MMSG-10544]


Start auto log messages stack - Iteration 1.	[MsgId: MMSG-10545]
Flight_Booking.c(140): London	[MsgId: MMSG-17999]
Flight_Booking.c(140): Los Angeles	[MsgId: MMSG-17999]
Flight_Booking.c(140): Paris	[MsgId: MMSG-17999]
Flight_Booking.c(140): Portland	[MsgId: MMSG-17999]
Flight_Booking.c(140): San Francisco	[MsgId: MMSG-17999]
Flight_Booking.c(140): Seattle	[MsgId: MMSG-17999]
Flight_Booking.c(140): Sydney	[MsgId: MMSG-17999]
Flight_Booking.c(140): Zurich	[MsgId: MMSG-17999]
Flight_Booking.c(140): Denver	[MsgId: MMSG-17999]
Flight_Booking.c(140): Frankfurt	[MsgId: MMSG-17999]
Flight_Booking.c(140): London	[MsgId: MMSG-17999]
Flight_Booking.c(140): Los Angeles	[MsgId: MMSG-17999]
Flight_Booking.c(140): Paris	[MsgId: MMSG-17999]
Flight_Booking.c(140): Portland	[MsgId: MMSG-17999]
Flight_Booking.c(140): San Francisco	[MsgId: MMSG-17999]
Flight_Booking.c(140): Seattle	[MsgId: MMSG-17999]
Flight_Booking.c(140): Sydney	[MsgId: MMSG-17999]
Flight_Booking.c(140): Zurich	[MsgId: MMSG-17999]
Flight_Booking.c(144): Zurich	[MsgId: MMSG-17999]
Flight_Booking.c(169): Error: C interpreter run time error: Flight_Booking.c (169):  Error -- memory violation : Exception ACCESS_VIOLATION received.	[MsgId: MERR-19890]
End auto log messages stack.	[MsgId: MMSG-10544]


Start auto log messages stack - Iteration 1.	[MsgId: MMSG-10545]
Flight_Booking.c(140): London	[MsgId: MMSG-17999]
Flight_Booking.c(140): Los Angeles	[MsgId: MMSG-17999]
Flight_Booking.c(140): Paris	[MsgId: MMSG-17999]
Flight_Booking.c(140): Portland	[MsgId: MMSG-17999]
Flight_Booking.c(140): San Francisco	[MsgId: MMSG-17999]
Flight_Booking.c(140): Seattle	[MsgId: MMSG-17999]
Flight_Booking.c(140): Sydney	[MsgId: MMSG-17999]
Flight_Booking.c(140): Zurich	[MsgId: MMSG-17999]
Flight_Booking.c(140): Denver	[MsgId: MMSG-17999]
Flight_Booking.c(140): Frankfurt	[MsgId: MMSG-17999]
Flight_Booking.c(140): London	[MsgId: MMSG-17999]
Flight_Booking.c(140): Los Angeles	[MsgId: MMSG-17999]
Flight_Booking.c(140): Paris	[MsgId: MMSG-17999]
Flight_Booking.c(140): Portland	[MsgId: MMSG-17999]
Flight_Booking.c(140): San Francisco	[MsgId: MMSG-17999]
Flight_Booking.c(140): Seattle	[MsgId: MMSG-17999]
Flight_Booking.c(140): Sydney	[MsgId: MMSG-17999]
Flight_Booking.c(140): Zurich	[MsgId: MMSG-17999]
Flight_Booking.c(144): Zurich	[MsgId: MMSG-17999]
Flight_Booking.c(169): Error: C interpreter run time error: Flight_Booking.c (169):  Error -- memory violation : Exception ACCESS_VIOLATION received.	[MsgId: MERR-19890]
End auto log messages stack.	[MsgId: MMSG-10544]


Start auto log messages stack - Iteration 1.	[MsgId: MMSG-10545]
Flight_Booking.c(140): London	[MsgId: MMSG-17999]
Flight_Booking.c(140): Los Angeles	[MsgId: MMSG-17999]
Flight_Booking.c(140): Paris	[MsgId: MMSG-17999]
Flight_Booking.c(140): Portland	[MsgId: MMSG-17999]
Flight_Booking.c(140): San Francisco	[MsgId: MMSG-17999]
Flight_Booking.c(140): Seattle	[MsgId: MMSG-17999]
Flight_Booking.c(140): Sydney	[MsgId: MMSG-17999]
Flight_Booking.c(140): Zurich	[MsgId: MMSG-17999]
Flight_Booking.c(140): Denver	[MsgId: MMSG-17999]
Flight_Booking.c(140): Frankfurt	[MsgId: MMSG-17999]
Flight_Booking.c(140): London	[MsgId: MMSG-17999]
Flight_Booking.c(140): Los Angeles	[MsgId: MMSG-17999]
Flight_Booking.c(140): Paris	[MsgId: MMSG-17999]
Flight_Booking.c(140): Portland	[MsgId: MMSG-17999]
Flight_Booking.c(140): San Francisco	[MsgId: MMSG-17999]
Flight_Booking.c(140): Seattle	[MsgId: MMSG-17999]
Flight_Booking.c(140): Sydney	[MsgId: MMSG-17999]
Flight_Booking.c(140): Zurich	[MsgId: MMSG-17999]
Flight_Booking.c(144): Zurich	[MsgId: MMSG-17999]
Flight_Booking.c(169): Error: C interpreter run time error: Flight_Booking.c (169):  Error -- memory violation : Exception ACCESS_VIOLATION received.	[MsgId: MERR-19890]
End auto log messages stack.	[MsgId: MMSG-10544]


Start auto log messages stack - Iteration 1.	[MsgId: MMSG-10545]
Flight_Booking.c(140): London	[MsgId: MMSG-17999]
Flight_Booking.c(140): Los Angeles	[MsgId: MMSG-17999]
Flight_Booking.c(140): Paris	[MsgId: MMSG-17999]
Flight_Booking.c(140): Portland	[MsgId: MMSG-17999]
Flight_Booking.c(140): San Francisco	[MsgId: MMSG-17999]
Flight_Booking.c(140): Seattle	[MsgId: MMSG-17999]
Flight_Booking.c(140): Sydney	[MsgId: MMSG-17999]
Flight_Booking.c(140): Zurich	[MsgId: MMSG-17999]
Flight_Booking.c(140): Denver	[MsgId: MMSG-17999]
Flight_Booking.c(140): Frankfurt	[MsgId: MMSG-17999]
Flight_Booking.c(140): London	[MsgId: MMSG-17999]
Flight_Booking.c(140): Los Angeles	[MsgId: MMSG-17999]
Flight_Booking.c(140): Paris	[MsgId: MMSG-17999]
Flight_Booking.c(140): Portland	[MsgId: MMSG-17999]
Flight_Booking.c(140): San Francisco	[MsgId: MMSG-17999]
Flight_Booking.c(140): Seattle	[MsgId: MMSG-17999]
Flight_Booking.c(140): Sydney	[MsgId: MMSG-17999]
Flight_Booking.c(140): Zurich	[MsgId: MMSG-17999]
Flight_Booking.c(144): Zurich	[MsgId: MMSG-17999]
Flight_Booking.c(169): Error: C interpreter run time error: Flight_Booking.c (169):  Error -- memory violation : Exception ACCESS_VIOLATION received.	[MsgId: MERR-19890]
End auto log messages stack.	[MsgId: MMSG-10544]


Start auto log messages stack - Iteration 1.	[MsgId: MMSG-10545]
Flight_Booking.c(140): London	[MsgId: MMSG-17999]
Flight_Booking.c(140): Los Angeles	[MsgId: MMSG-17999]
Flight_Booking.c(140): Paris	[MsgId: MMSG-17999]
Flight_Booking.c(140): Portland	[MsgId: MMSG-17999]
Flight_Booking.c(140): San Francisco	[MsgId: MMSG-17999]
Flight_Booking.c(140): Seattle	[MsgId: MMSG-17999]
Flight_Booking.c(140): Sydney	[MsgId: MMSG-17999]
Flight_Booking.c(140): Zurich	[MsgId: MMSG-17999]
Start auto log messages stack - Iteration 1.	[MsgId: MMSG-10545]
Flight_Booking.c(140): Denver	[MsgId: MMSG-17999]
Flight_Booking.c(140): Frankfurt	[MsgId: MMSG-17999]
Flight_Booking.c(140): London	[MsgId: MMSG-17999]
Flight_Booking.c(140): Los Angeles	[MsgId: MMSG-17999]
Flight_Booking.c(140): London	[MsgId: MMSG-17999]
Flight_Booking.c(140): Los Angeles	[MsgId: MMSG-17999]
Flight_Booking.c(140): Paris	[MsgId: MMSG-17999]
Flight_Booking.c(140): Portland	[MsgId: MMSG-17999]
Flight_Booking.c(140): San Francisco	[MsgId: MMSG-17999]
Flight_Booking.c(140): Seattle	[MsgId: MMSG-17999]
Flight_Booking.c(140): Sydney	[MsgId: MMSG-17999]
Flight_Booking.c(140): Zurich	[MsgId: MMSG-17999]
Flight_Booking.c(140): Denver	[MsgId: MMSG-17999]
Flight_Booking.c(140): Frankfurt	[MsgId: MMSG-17999]
Flight_Booking.c(140): London	[MsgId: MMSG-17999]
Flight_Booking.c(140): Los Angeles	[MsgId: MMSG-17999]
Flight_Booking.c(140): Paris	[MsgId: MMSG-17999]
Flight_Booking.c(140): Portland	[MsgId: MMSG-17999]
Flight_Booking.c(140): San Francisco	[MsgId: MMSG-17999]
Flight_Booking.c(140): Seattle	[MsgId: MMSG-17999]
Flight_Booking.c(140): Sydney	[MsgId: MMSG-17999]
Flight_Booking.c(140): Zurich	[MsgId: MMSG-17999]
Flight_Booking.c(144): Zurich	[MsgId: MMSG-17999]
Flight_Booking.c(169): Error: C interpreter run time error: Flight_Booking.c (169):  Error -- memory violation : Exception ACCESS_VIOLATION received.	[MsgId: MERR-19890]
End auto log messages stack.	[MsgId: MMSG-10544]


Flight_Booking.c(140): Paris	[MsgId: MMSG-17999]
Flight_Booking.c(140): Portland	[MsgId: MMSG-17999]
Flight_Booking.c(140): San Francisco	[MsgId: MMSG-17999]
Flight_Booking.c(140): Seattle	[MsgId: MMSG-17999]
Flight_Booking.c(140): Sydney	[MsgId: MMSG-17999]
Flight_Booking.c(140): Zurich	[MsgId: MMSG-17999]
Flight_Booking.c(144): Zurich	[MsgId: MMSG-17999]
Flight_Booking.c(169): Error: C interpreter run time error: Flight_Booking.c (169):  Error -- memory violation : Exception ACCESS_VIOLATION received.	[MsgId: MERR-19890]
End auto log messages stack.	[MsgId: MMSG-10544]


Start auto log messages stack - Iteration 1.	[MsgId: MMSG-10545]
Flight_Booking.c(140): London	[MsgId: MMSG-17999]
Flight_Booking.c(140): Los Angeles	[MsgId: MMSG-17999]
Start auto log messages stack - Iteration 1.	[MsgId: MMSG-10545]
Flight_Booking.c(140): Paris	[MsgId: MMSG-17999]
Flight_Booking.c(140): Portland	[MsgId: MMSG-17999]
Flight_Booking.c(140): San Francisco	[MsgId: MMSG-17999]
Flight_Booking.c(140): Seattle	[MsgId: MMSG-17999]
Flight_Booking.c(140): Sydney	[MsgId: MMSG-17999]
Flight_Booking.c(140): Zurich	[MsgId: MMSG-17999]
Flight_Booking.c(140): London	[MsgId: MMSG-17999]
Flight_Booking.c(140): Denver	[MsgId: MMSG-17999]
Flight_Booking.c(140): Los Angeles	[MsgId: MMSG-17999]
Flight_Booking.c(140): Frankfurt	[MsgId: MMSG-17999]
Flight_Booking.c(140): London	[MsgId: MMSG-17999]
Flight_Booking.c(140): Paris	[MsgId: MMSG-17999]
Flight_Booking.c(140): Los Angeles	[MsgId: MMSG-17999]
Flight_Booking.c(140): Portland	[MsgId: MMSG-17999]
Flight_Booking.c(140): San Francisco	[MsgId: MMSG-17999]
Flight_Booking.c(140): Paris	[MsgId: MMSG-17999]
Flight_Booking.c(140): Portland	[MsgId: MMSG-17999]
Flight_Booking.c(140): Seattle	[MsgId: MMSG-17999]
Flight_Booking.c(140): San Francisco	[MsgId: MMSG-17999]
Flight_Booking.c(140): Seattle	[MsgId: MMSG-17999]
Flight_Booking.c(140): Sydney	[MsgId: MMSG-17999]
Flight_Booking.c(140): Zurich	[MsgId: MMSG-17999]
Flight_Booking.c(140): Sydney	[MsgId: MMSG-17999]
Flight_Booking.c(144): Zurich	[MsgId: MMSG-17999]
Flight_Booking.c(140): Zurich	[MsgId: MMSG-17999]
Flight_Booking.c(169): Error: C interpreter run time error: Flight_Booking.c (169):  Error -- memory violation : Exception ACCESS_VIOLATION received.	[MsgId: MERR-19890]
Flight_Booking.c(140): Denver	[MsgId: MMSG-17999]
End auto log messages stack.	[MsgId: MMSG-10544]


Flight_Booking.c(140): Frankfurt	[MsgId: MMSG-17999]
Flight_Booking.c(140): London	[MsgId: MMSG-17999]
Flight_Booking.c(140): Los Angeles	[MsgId: MMSG-17999]
Flight_Booking.c(140): Paris	[MsgId: MMSG-17999]
Flight_Booking.c(140): Portland	[MsgId: MMSG-17999]
Flight_Booking.c(140): San Francisco	[MsgId: MMSG-17999]
Flight_Booking.c(140): Seattle	[MsgId: MMSG-17999]
Flight_Booking.c(140): Sydney	[MsgId: MMSG-17999]
Flight_Booking.c(140): Zurich	[MsgId: MMSG-17999]
Flight_Booking.c(144): Zurich	[MsgId: MMSG-17999]
Flight_Booking.c(169): Error: C interpreter run time error: Flight_Booking.c (169):  Error -- memory violation : Exception ACCESS_VIOLATION received.	[MsgId: MERR-19890]
End auto log messages stack.	[MsgId: MMSG-10544]


