Flight_Booking.c(134): The Departure Cities are:	[MsgId: MMSG-17999]
Flight_Booking.c(140): Denver	[MsgId: MMSG-17999]
Flight_Booking.c(140): Frankfurt	[MsgId: MMSG-17999]
Flight_Booking.c(140): London	[MsgId: MMSG-17999]
Flight_Booking.c(140): Los Angeles	[MsgId: MMSG-17999]
Flight_Booking.c(140): Paris	[MsgId: MMSG-17999]
Flight_Booking.c(140): Portland	[MsgId: MMSG-17999]
Flight_Booking.c(140): San Francisco	[MsgId: MMSG-17999]
Flight_Booking.c(140): Seattle	[MsgId: MMSG-17999]
Flight_Booking.c(140): Sydney	[MsgId: MMSG-17999]
Flight_Booking.c(140): Zurich	[MsgId: MMSG-17999]
Flight_Booking.c(140): Denver	[MsgId: MMSG-17999]
Flight_Booking.c(140): Frankfurt	[MsgId: MMSG-17999]
Flight_Booking.c(140): London	[MsgId: MMSG-17999]
Flight_Booking.c(140): Los Angeles	[MsgId: MMSG-17999]
Flight_Booking.c(140): Paris	[MsgId: MMSG-17999]
Flight_Booking.c(140): Portland	[MsgId: MMSG-17999]
Flight_Booking.c(140): San Francisco	[MsgId: MMSG-17999]
Flight_Booking.c(140): Seattle	[MsgId: MMSG-17999]
Flight_Booking.c(140): Sydney	[MsgId: MMSG-17999]
Flight_Booking.c(140): Zurich	[MsgId: MMSG-17999]
Flight_Booking.c(144): Zurich	[MsgId: MMSG-17999]
Flight_Booking.c(167): Departure Date: 06/01/2020	[MsgId: MMSG-17999]
Flight_Booking.c(169): Arrival Date: 06/03/2020	[MsgId: MMSG-17999]
Flight_Booking.c(134): The Departure Cities are:	[MsgId: MMSG-17999]
Flight_Booking.c(140): Denver	[MsgId: MMSG-17999]
Flight_Booking.c(140): Frankfurt	[MsgId: MMSG-17999]
Flight_Booking.c(140): London	[MsgId: MMSG-17999]
Flight_Booking.c(140): Los Angeles	[MsgId: MMSG-17999]
Flight_Booking.c(140): Paris	[MsgId: MMSG-17999]
Flight_Booking.c(140): Portland	[MsgId: MMSG-17999]
Flight_Booking.c(140): San Francisco	[MsgId: MMSG-17999]
Flight_Booking.c(140): Seattle	[MsgId: MMSG-17999]
Flight_Booking.c(140): Sydney	[MsgId: MMSG-17999]
Flight_Booking.c(140): Zurich	[MsgId: MMSG-17999]
Flight_Booking.c(140): Denver	[MsgId: MMSG-17999]
Flight_Booking.c(140): Frankfurt	[MsgId: MMSG-17999]
Flight_Booking.c(140): London	[MsgId: MMSG-17999]
Flight_Booking.c(140): Los Angeles	[MsgId: MMSG-17999]
Flight_Booking.c(140): Paris	[MsgId: MMSG-17999]
Flight_Booking.c(140): Portland	[MsgId: MMSG-17999]
Flight_Booking.c(140): San Francisco	[MsgId: MMSG-17999]
Flight_Booking.c(140): Seattle	[MsgId: MMSG-17999]
Flight_Booking.c(140): Sydney	[MsgId: MMSG-17999]
Flight_Booking.c(140): Zurich	[MsgId: MMSG-17999]
Flight_Booking.c(144): Zurich	[MsgId: MMSG-17999]
Flight_Booking.c(134): The Departure Cities are:	[MsgId: MMSG-17999]
Flight_Booking.c(140): Denver	[MsgId: MMSG-17999]
Flight_Booking.c(140): Frankfurt	[MsgId: MMSG-17999]
Flight_Booking.c(140): London	[MsgId: MMSG-17999]
Flight_Booking.c(140): Los Angeles	[MsgId: MMSG-17999]
Flight_Booking.c(140): Paris	[MsgId: MMSG-17999]
Flight_Booking.c(140): Portland	[MsgId: MMSG-17999]
Flight_Booking.c(140): San Francisco	[MsgId: MMSG-17999]
Flight_Booking.c(140): Seattle	[MsgId: MMSG-17999]
Flight_Booking.c(140): Sydney	[MsgId: MMSG-17999]
Flight_Booking.c(140): Zurich	[MsgId: MMSG-17999]
Flight_Booking.c(140): Denver	[MsgId: MMSG-17999]
Flight_Booking.c(140): Frankfurt	[MsgId: MMSG-17999]
Flight_Booking.c(140): London	[MsgId: MMSG-17999]
Flight_Booking.c(140): Los Angeles	[MsgId: MMSG-17999]
Flight_Booking.c(140): Paris	[MsgId: MMSG-17999]
Flight_Booking.c(140): Portland	[MsgId: MMSG-17999]
Flight_Booking.c(140): San Francisco	[MsgId: MMSG-17999]
Flight_Booking.c(134): The Departure Cities are:	[MsgId: MMSG-17999]
Flight_Booking.c(140): Denver	[MsgId: MMSG-17999]
Flight_Booking.c(140): Frankfurt	[MsgId: MMSG-17999]
Flight_Booking.c(140): London	[MsgId: MMSG-17999]
Flight_Booking.c(140): Los Angeles	[MsgId: MMSG-17999]
Flight_Booking.c(140): Paris	[MsgId: MMSG-17999]
Flight_Booking.c(140): Portland	[MsgId: MMSG-17999]
Flight_Booking.c(140): San Francisco	[MsgId: MMSG-17999]
Flight_Booking.c(140): Seattle	[MsgId: MMSG-17999]
Flight_Booking.c(140): Sydney	[MsgId: MMSG-17999]
Flight_Booking.c(140): Zurich	[MsgId: MMSG-17999]
Flight_Booking.c(140): Denver	[MsgId: MMSG-17999]
Flight_Booking.c(140): Frankfurt	[MsgId: MMSG-17999]
Flight_Booking.c(140): London	[MsgId: MMSG-17999]
Flight_Booking.c(140): Los Angeles	[MsgId: MMSG-17999]
Flight_Booking.c(140): Paris	[MsgId: MMSG-17999]
Flight_Booking.c(140): Portland	[MsgId: MMSG-17999]
Flight_Booking.c(140): San Francisco	[MsgId: MMSG-17999]
Flight_Booking.c(140): Seattle	[MsgId: MMSG-17999]
Flight_Booking.c(140): Sydney	[MsgId: MMSG-17999]
Flight_Booking.c(140): Zurich	[MsgId: MMSG-17999]
Flight_Booking.c(144): Zurich	[MsgId: MMSG-17999]
Flight_Booking.c(134): The Departure Cities are:	[MsgId: MMSG-17999]
Flight_Booking.c(140): Denver	[MsgId: MMSG-17999]
Flight_Booking.c(140): Frankfurt	[MsgId: MMSG-17999]
Flight_Booking.c(140): London	[MsgId: MMSG-17999]
Flight_Booking.c(140): Los Angeles	[MsgId: MMSG-17999]
Flight_Booking.c(140): Paris	[MsgId: MMSG-17999]
Flight_Booking.c(140): Portland	[MsgId: MMSG-17999]
Flight_Booking.c(140): San Francisco	[MsgId: MMSG-17999]
Flight_Booking.c(140): Seattle	[MsgId: MMSG-17999]
Flight_Booking.c(140): Sydney	[MsgId: MMSG-17999]
Flight_Booking.c(140): Zurich	[MsgId: MMSG-17999]
Flight_Booking.c(140): Denver	[MsgId: MMSG-17999]
Flight_Booking.c(140): Frankfurt	[MsgId: MMSG-17999]
Flight_Booking.c(140): London	[MsgId: MMSG-17999]
Flight_Booking.c(140): Los Angeles	[MsgId: MMSG-17999]
Flight_Booking.c(134): The Departure Cities are:	[MsgId: MMSG-17999]
Flight_Booking.c(140): Denver	[MsgId: MMSG-17999]
Flight_Booking.c(140): Frankfurt	[MsgId: MMSG-17999]
Flight_Booking.c(140): London	[MsgId: MMSG-17999]
Flight_Booking.c(140): Los Angeles	[MsgId: MMSG-17999]
Flight_Booking.c(140): Paris	[MsgId: MMSG-17999]
Flight_Booking.c(140): Portland	[MsgId: MMSG-17999]
Flight_Booking.c(134): The Departure Cities are:	[MsgId: MMSG-17999]
Flight_Booking.c(134): The Departure Cities are:	[MsgId: MMSG-17999]
Flight_Booking.c(140): Seattle	[MsgId: MMSG-17999]
Flight_Booking.c(140): Sydney	[MsgId: MMSG-17999]
Flight_Booking.c(140): Zurich	[MsgId: MMSG-17999]
Flight_Booking.c(144): Zurich	[MsgId: MMSG-17999]
Flight_Booking.c(140): Denver	[MsgId: MMSG-17999]
Flight_Booking.c(140): Frankfurt	[MsgId: MMSG-17999]
Flight_Booking.c(140): London	[MsgId: MMSG-17999]
Flight_Booking.c(140): Los Angeles	[MsgId: MMSG-17999]
Flight_Booking.c(140): Paris	[MsgId: MMSG-17999]
Flight_Booking.c(140): Portland	[MsgId: MMSG-17999]
Flight_Booking.c(140): San Francisco	[MsgId: MMSG-17999]
Flight_Booking.c(140): Seattle	[MsgId: MMSG-17999]
Flight_Booking.c(140): Sydney	[MsgId: MMSG-17999]
Flight_Booking.c(140): Zurich	[MsgId: MMSG-17999]
Flight_Booking.c(140): Denver	[MsgId: MMSG-17999]
Flight_Booking.c(140): Frankfurt	[MsgId: MMSG-17999]
Flight_Booking.c(140): London	[MsgId: MMSG-17999]
Flight_Booking.c(140): Los Angeles	[MsgId: MMSG-17999]
Flight_Booking.c(140): Paris	[MsgId: MMSG-17999]
Flight_Booking.c(140): Portland	[MsgId: MMSG-17999]
Flight_Booking.c(140): San Francisco	[MsgId: MMSG-17999]
Flight_Booking.c(140): Seattle	[MsgId: MMSG-17999]
Flight_Booking.c(140): Sydney	[MsgId: MMSG-17999]
Flight_Booking.c(140): Zurich	[MsgId: MMSG-17999]
Flight_Booking.c(144): Zurich	[MsgId: MMSG-17999]
Flight_Booking.c(140): Paris	[MsgId: MMSG-17999]
Flight_Booking.c(140): Portland	[MsgId: MMSG-17999]
Flight_Booking.c(140): San Francisco	[MsgId: MMSG-17999]
Flight_Booking.c(140): Seattle	[MsgId: MMSG-17999]
Flight_Booking.c(140): Sydney	[MsgId: MMSG-17999]
Flight_Booking.c(140): Zurich	[MsgId: MMSG-17999]
Flight_Booking.c(144): Zurich	[MsgId: MMSG-17999]
Flight_Booking.c(140): San Francisco	[MsgId: MMSG-17999]
Flight_Booking.c(140): Seattle	[MsgId: MMSG-17999]
Flight_Booking.c(140): Sydney	[MsgId: MMSG-17999]
Flight_Booking.c(140): Zurich	[MsgId: MMSG-17999]
Flight_Booking.c(140): Denver	[MsgId: MMSG-17999]
Flight_Booking.c(140): Frankfurt	[MsgId: MMSG-17999]
Flight_Booking.c(140): London	[MsgId: MMSG-17999]
Flight_Booking.c(140): Los Angeles	[MsgId: MMSG-17999]
Flight_Booking.c(140): Paris	[MsgId: MMSG-17999]
Flight_Booking.c(140): Portland	[MsgId: MMSG-17999]
Flight_Booking.c(140): San Francisco	[MsgId: MMSG-17999]
Flight_Booking.c(140): Seattle	[MsgId: MMSG-17999]
Flight_Booking.c(140): Sydney	[MsgId: MMSG-17999]
Flight_Booking.c(140): Zurich	[MsgId: MMSG-17999]
Flight_Booking.c(144): Zurich	[MsgId: MMSG-17999]
Flight_Booking.c(134): The Departure Cities are:	[MsgId: MMSG-17999]
Flight_Booking.c(134): The Departure Cities are:	[MsgId: MMSG-17999]
Flight_Booking.c(134): The Departure Cities are:	[MsgId: MMSG-17999]
Flight_Booking.c(140): Denver	[MsgId: MMSG-17999]
Flight_Booking.c(140): Frankfurt	[MsgId: MMSG-17999]
Flight_Booking.c(140): London	[MsgId: MMSG-17999]
Flight_Booking.c(140): Los Angeles	[MsgId: MMSG-17999]
Flight_Booking.c(140): Paris	[MsgId: MMSG-17999]
Flight_Booking.c(140): Portland	[MsgId: MMSG-17999]
Flight_Booking.c(140): San Francisco	[MsgId: MMSG-17999]
Flight_Booking.c(140): Seattle	[MsgId: MMSG-17999]
Flight_Booking.c(140): Sydney	[MsgId: MMSG-17999]
Flight_Booking.c(140): Zurich	[MsgId: MMSG-17999]
Flight_Booking.c(140): Denver	[MsgId: MMSG-17999]
Flight_Booking.c(140): Frankfurt	[MsgId: MMSG-17999]
Flight_Booking.c(140): London	[MsgId: MMSG-17999]
Flight_Booking.c(140): Los Angeles	[MsgId: MMSG-17999]
Flight_Booking.c(140): Paris	[MsgId: MMSG-17999]
Flight_Booking.c(140): Portland	[MsgId: MMSG-17999]
Flight_Booking.c(140): San Francisco	[MsgId: MMSG-17999]
Flight_Booking.c(140): Seattle	[MsgId: MMSG-17999]
Flight_Booking.c(140): Sydney	[MsgId: MMSG-17999]
Flight_Booking.c(140): Zurich	[MsgId: MMSG-17999]
Flight_Booking.c(144): Zurich	[MsgId: MMSG-17999]
Flight_Booking.c(167): Departure Date: 06/01/2020	[MsgId: MMSG-17999]
Flight_Booking.c(169): Arrival Date: 06/03/2020	[MsgId: MMSG-17999]
Flight_Booking.c(167): Departure Date: 06/01/2020	[MsgId: MMSG-17999]
Flight_Booking.c(169): Arrival Date: 06/03/2020	[MsgId: MMSG-17999]
Flight_Booking.c(134): The Departure Cities are:	[MsgId: MMSG-17999]
Flight_Booking.c(140): Denver	[MsgId: MMSG-17999]
Flight_Booking.c(140): Frankfurt	[MsgId: MMSG-17999]
Flight_Booking.c(140): London	[MsgId: MMSG-17999]
Flight_Booking.c(140): Los Angeles	[MsgId: MMSG-17999]
Flight_Booking.c(140): Paris	[MsgId: MMSG-17999]
Flight_Booking.c(140): Portland	[MsgId: MMSG-17999]
Flight_Booking.c(140): San Francisco	[MsgId: MMSG-17999]
Flight_Booking.c(140): Seattle	[MsgId: MMSG-17999]
Flight_Booking.c(140): Sydney	[MsgId: MMSG-17999]
Flight_Booking.c(140): Zurich	[MsgId: MMSG-17999]
Flight_Booking.c(140): Denver	[MsgId: MMSG-17999]
Flight_Booking.c(140): Frankfurt	[MsgId: MMSG-17999]
Flight_Booking.c(140): London	[MsgId: MMSG-17999]
Flight_Booking.c(140): Los Angeles	[MsgId: MMSG-17999]
Flight_Booking.c(140): Paris	[MsgId: MMSG-17999]
Flight_Booking.c(140): Portland	[MsgId: MMSG-17999]
Flight_Booking.c(140): San Francisco	[MsgId: MMSG-17999]
Flight_Booking.c(140): Seattle	[MsgId: MMSG-17999]
Flight_Booking.c(140): Sydney	[MsgId: MMSG-17999]
Flight_Booking.c(140): Zurich	[MsgId: MMSG-17999]
Flight_Booking.c(144): Zurich	[MsgId: MMSG-17999]
Flight_Booking.c(140): Denver	[MsgId: MMSG-17999]
Flight_Booking.c(140): Frankfurt	[MsgId: MMSG-17999]
Flight_Booking.c(140): Denver	[MsgId: MMSG-17999]
Flight_Booking.c(140): Frankfurt	[MsgId: MMSG-17999]
Flight_Booking.c(140): London	[MsgId: MMSG-17999]
Flight_Booking.c(140): Los Angeles	[MsgId: MMSG-17999]
Flight_Booking.c(140): Paris	[MsgId: MMSG-17999]
Flight_Booking.c(140): Portland	[MsgId: MMSG-17999]
Flight_Booking.c(140): San Francisco	[MsgId: MMSG-17999]
Flight_Booking.c(140): Seattle	[MsgId: MMSG-17999]
Flight_Booking.c(140): Sydney	[MsgId: MMSG-17999]
Flight_Booking.c(140): Zurich	[MsgId: MMSG-17999]
Flight_Booking.c(140): Denver	[MsgId: MMSG-17999]
Flight_Booking.c(140): Frankfurt	[MsgId: MMSG-17999]
Flight_Booking.c(140): London	[MsgId: MMSG-17999]
Flight_Booking.c(140): London	[MsgId: MMSG-17999]
Flight_Booking.c(140): Los Angeles	[MsgId: MMSG-17999]
Flight_Booking.c(140): Paris	[MsgId: MMSG-17999]
Flight_Booking.c(140): Portland	[MsgId: MMSG-17999]
Flight_Booking.c(140): San Francisco	[MsgId: MMSG-17999]
Flight_Booking.c(140): Seattle	[MsgId: MMSG-17999]
Flight_Booking.c(140): Sydney	[MsgId: MMSG-17999]
Flight_Booking.c(140): Zurich	[MsgId: MMSG-17999]
Flight_Booking.c(144): Zurich	[MsgId: MMSG-17999]
Flight_Booking.c(140): Los Angeles	[MsgId: MMSG-17999]
Flight_Booking.c(140): Paris	[MsgId: MMSG-17999]
Flight_Booking.c(140): Portland	[MsgId: MMSG-17999]
Flight_Booking.c(140): San Francisco	[MsgId: MMSG-17999]
Flight_Booking.c(140): Seattle	[MsgId: MMSG-17999]
Flight_Booking.c(140): Sydney	[MsgId: MMSG-17999]
Flight_Booking.c(140): Zurich	[MsgId: MMSG-17999]
Flight_Booking.c(140): Denver	[MsgId: MMSG-17999]
Flight_Booking.c(140): Frankfurt	[MsgId: MMSG-17999]
Flight_Booking.c(140): London	[MsgId: MMSG-17999]
Flight_Booking.c(140): Los Angeles	[MsgId: MMSG-17999]
Flight_Booking.c(140): Paris	[MsgId: MMSG-17999]
Flight_Booking.c(140): Portland	[MsgId: MMSG-17999]
Flight_Booking.c(140): San Francisco	[MsgId: MMSG-17999]
Flight_Booking.c(140): Seattle	[MsgId: MMSG-17999]
Flight_Booking.c(140): Sydney	[MsgId: MMSG-17999]
Flight_Booking.c(140): Zurich	[MsgId: MMSG-17999]
Flight_Booking.c(144): Zurich	[MsgId: MMSG-17999]
Flight_Booking.c(140): Denver	[MsgId: MMSG-17999]
Flight_Booking.c(140): Frankfurt	[MsgId: MMSG-17999]
Flight_Booking.c(140): London	[MsgId: MMSG-17999]
Flight_Booking.c(140): Los Angeles	[MsgId: MMSG-17999]
Flight_Booking.c(140): Paris	[MsgId: MMSG-17999]
Flight_Booking.c(140): Portland	[MsgId: MMSG-17999]
Flight_Booking.c(140): San Francisco	[MsgId: MMSG-17999]
Flight_Booking.c(140): Seattle	[MsgId: MMSG-17999]
Flight_Booking.c(140): Sydney	[MsgId: MMSG-17999]
Flight_Booking.c(140): Zurich	[MsgId: MMSG-17999]
Flight_Booking.c(140): Denver	[MsgId: MMSG-17999]
Flight_Booking.c(140): Frankfurt	[MsgId: MMSG-17999]
Flight_Booking.c(140): London	[MsgId: MMSG-17999]
Flight_Booking.c(140): Los Angeles	[MsgId: MMSG-17999]
Flight_Booking.c(140): Paris	[MsgId: MMSG-17999]
Flight_Booking.c(140): Portland	[MsgId: MMSG-17999]
Flight_Booking.c(140): San Francisco	[MsgId: MMSG-17999]
Flight_Booking.c(140): Seattle	[MsgId: MMSG-17999]
Flight_Booking.c(140): Sydney	[MsgId: MMSG-17999]
Flight_Booking.c(140): Zurich	[MsgId: MMSG-17999]
Flight_Booking.c(144): Zurich	[MsgId: MMSG-17999]
Flight_Booking.c(167): Departure Date: 06/01/2020	[MsgId: MMSG-17999]
Flight_Booking.c(169): Arrival Date: 06/03/2020	[MsgId: MMSG-17999]
Flight_Booking.c(134): The Departure Cities are:	[MsgId: MMSG-17999]
Flight_Booking.c(140): Denver	[MsgId: MMSG-17999]
Flight_Booking.c(140): Frankfurt	[MsgId: MMSG-17999]
Flight_Booking.c(140): London	[MsgId: MMSG-17999]
Flight_Booking.c(140): Los Angeles	[MsgId: MMSG-17999]
Flight_Booking.c(140): Paris	[MsgId: MMSG-17999]
Flight_Booking.c(140): Portland	[MsgId: MMSG-17999]
Flight_Booking.c(140): San Francisco	[MsgId: MMSG-17999]
Flight_Booking.c(140): Seattle	[MsgId: MMSG-17999]
Flight_Booking.c(140): Sydney	[MsgId: MMSG-17999]
Flight_Booking.c(140): Zurich	[MsgId: MMSG-17999]
Flight_Booking.c(140): Denver	[MsgId: MMSG-17999]
Flight_Booking.c(140): Frankfurt	[MsgId: MMSG-17999]
Flight_Booking.c(140): London	[MsgId: MMSG-17999]
Flight_Booking.c(140): Los Angeles	[MsgId: MMSG-17999]
Flight_Booking.c(140): Paris	[MsgId: MMSG-17999]
Flight_Booking.c(140): Portland	[MsgId: MMSG-17999]
Flight_Booking.c(140): San Francisco	[MsgId: MMSG-17999]
Flight_Booking.c(140): Seattle	[MsgId: MMSG-17999]
Flight_Booking.c(140): Sydney	[MsgId: MMSG-17999]
Flight_Booking.c(140): Zurich	[MsgId: MMSG-17999]
Flight_Booking.c(144): Zurich	[MsgId: MMSG-17999]
Flight_Booking.c(167): Departure Date: 06/01/2020	[MsgId: MMSG-17999]
Flight_Booking.c(169): Arrival Date: 06/03/2020	[MsgId: MMSG-17999]
Flight_Booking.c(167): Departure Date: 06/01/2020	[MsgId: MMSG-17999]
Flight_Booking.c(169): Arrival Date: 06/03/2020	[MsgId: MMSG-17999]
Flight_Booking.c(167): Departure Date: 06/01/2020	[MsgId: MMSG-17999]
Flight_Booking.c(169): Arrival Date: 06/03/2020	[MsgId: MMSG-17999]
Flight_Booking.c(134): The Departure Cities are:	[MsgId: MMSG-17999]
Flight_Booking.c(140): Denver	[MsgId: MMSG-17999]
Flight_Booking.c(140): Frankfurt	[MsgId: MMSG-17999]
Flight_Booking.c(140): London	[MsgId: MMSG-17999]
Flight_Booking.c(140): Los Angeles	[MsgId: MMSG-17999]
Flight_Booking.c(140): Paris	[MsgId: MMSG-17999]
Flight_Booking.c(140): Portland	[MsgId: MMSG-17999]
Flight_Booking.c(140): San Francisco	[MsgId: MMSG-17999]
Flight_Booking.c(140): Seattle	[MsgId: MMSG-17999]
Flight_Booking.c(140): Sydney	[MsgId: MMSG-17999]
Flight_Booking.c(140): Zurich	[MsgId: MMSG-17999]
Flight_Booking.c(140): Denver	[MsgId: MMSG-17999]
Flight_Booking.c(140): Frankfurt	[MsgId: MMSG-17999]
Flight_Booking.c(140): London	[MsgId: MMSG-17999]
Flight_Booking.c(140): Los Angeles	[MsgId: MMSG-17999]
Flight_Booking.c(140): Paris	[MsgId: MMSG-17999]
Flight_Booking.c(140): Portland	[MsgId: MMSG-17999]
Flight_Booking.c(140): San Francisco	[MsgId: MMSG-17999]
Flight_Booking.c(140): Seattle	[MsgId: MMSG-17999]
Flight_Booking.c(140): Sydney	[MsgId: MMSG-17999]
Flight_Booking.c(140): Zurich	[MsgId: MMSG-17999]
Flight_Booking.c(144): Zurich	[MsgId: MMSG-17999]
Flight_Booking.c(167): Departure Date: 06/01/2020	[MsgId: MMSG-17999]
Flight_Booking.c(169): Arrival Date: 06/03/2020	[MsgId: MMSG-17999]
Flight_Booking.c(167): Departure Date: 06/01/2020	[MsgId: MMSG-17999]
Flight_Booking.c(167): Departure Date: 06/01/2020	[MsgId: MMSG-17999]
Flight_Booking.c(167): Departure Date: 06/01/2020	[MsgId: MMSG-17999]
Flight_Booking.c(167): Departure Date: 06/01/2020	[MsgId: MMSG-17999]
Flight_Booking.c(169): Arrival Date: 06/03/2020	[MsgId: MMSG-17999]
Flight_Booking.c(169): Arrival Date: 06/03/2020	[MsgId: MMSG-17999]
Flight_Booking.c(169): Arrival Date: 06/03/2020	[MsgId: MMSG-17999]
Flight_Booking.c(169): Arrival Date: 06/03/2020	[MsgId: MMSG-17999]
Flight_Booking.c(167): Departure Date: 06/01/2020	[MsgId: MMSG-17999]
Flight_Booking.c(169): Arrival Date: 06/03/2020	[MsgId: MMSG-17999]
Flight_Booking.c(167): Departure Date: 06/01/2020	[MsgId: MMSG-17999]
Flight_Booking.c(169): Arrival Date: 06/03/2020	[MsgId: MMSG-17999]
Flight_Booking.c(134): The Departure Cities are:	[MsgId: MMSG-17999]
Flight_Booking.c(140): Denver	[MsgId: MMSG-17999]
Flight_Booking.c(140): Frankfurt	[MsgId: MMSG-17999]
Flight_Booking.c(140): London	[MsgId: MMSG-17999]
Flight_Booking.c(140): Los Angeles	[MsgId: MMSG-17999]
Flight_Booking.c(140): Paris	[MsgId: MMSG-17999]
Flight_Booking.c(140): Portland	[MsgId: MMSG-17999]
Flight_Booking.c(140): San Francisco	[MsgId: MMSG-17999]
Flight_Booking.c(140): Seattle	[MsgId: MMSG-17999]
Flight_Booking.c(140): Sydney	[MsgId: MMSG-17999]
Flight_Booking.c(140): Zurich	[MsgId: MMSG-17999]
Flight_Booking.c(140): Denver	[MsgId: MMSG-17999]
Flight_Booking.c(140): Frankfurt	[MsgId: MMSG-17999]
Flight_Booking.c(140): London	[MsgId: MMSG-17999]
Flight_Booking.c(140): Los Angeles	[MsgId: MMSG-17999]
Flight_Booking.c(140): Paris	[MsgId: MMSG-17999]
Flight_Booking.c(140): Portland	[MsgId: MMSG-17999]
Flight_Booking.c(140): San Francisco	[MsgId: MMSG-17999]
Flight_Booking.c(140): Seattle	[MsgId: MMSG-17999]
Flight_Booking.c(140): Sydney	[MsgId: MMSG-17999]
Flight_Booking.c(134): The Departure Cities are:	[MsgId: MMSG-17999]
Flight_Booking.c(140): Denver	[MsgId: MMSG-17999]
Flight_Booking.c(140): Frankfurt	[MsgId: MMSG-17999]
Flight_Booking.c(140): London	[MsgId: MMSG-17999]
Flight_Booking.c(140): Los Angeles	[MsgId: MMSG-17999]
Flight_Booking.c(140): Paris	[MsgId: MMSG-17999]
Flight_Booking.c(140): Portland	[MsgId: MMSG-17999]
Flight_Booking.c(140): San Francisco	[MsgId: MMSG-17999]
Flight_Booking.c(140): Seattle	[MsgId: MMSG-17999]
Flight_Booking.c(140): Sydney	[MsgId: MMSG-17999]
Flight_Booking.c(140): Zurich	[MsgId: MMSG-17999]
Flight_Booking.c(140): Denver	[MsgId: MMSG-17999]
Flight_Booking.c(140): Frankfurt	[MsgId: MMSG-17999]
Flight_Booking.c(134): The Departure Cities are:	[MsgId: MMSG-17999]
Flight_Booking.c(140): London	[MsgId: MMSG-17999]
Flight_Booking.c(140): Los Angeles	[MsgId: MMSG-17999]
Flight_Booking.c(140): Zurich	[MsgId: MMSG-17999]
Flight_Booking.c(140): Paris	[MsgId: MMSG-17999]
Flight_Booking.c(144): Zurich	[MsgId: MMSG-17999]
Flight_Booking.c(140): Portland	[MsgId: MMSG-17999]
Flight_Booking.c(140): San Francisco	[MsgId: MMSG-17999]
Flight_Booking.c(140): Seattle	[MsgId: MMSG-17999]
Flight_Booking.c(140): Sydney	[MsgId: MMSG-17999]
Flight_Booking.c(140): Zurich	[MsgId: MMSG-17999]
Flight_Booking.c(144): Zurich	[MsgId: MMSG-17999]
Flight_Booking.c(140): Denver	[MsgId: MMSG-17999]
Flight_Booking.c(140): Frankfurt	[MsgId: MMSG-17999]
Flight_Booking.c(140): London	[MsgId: MMSG-17999]
Flight_Booking.c(140): Los Angeles	[MsgId: MMSG-17999]
Flight_Booking.c(140): Paris	[MsgId: MMSG-17999]
Flight_Booking.c(140): Portland	[MsgId: MMSG-17999]
Flight_Booking.c(140): San Francisco	[MsgId: MMSG-17999]
Flight_Booking.c(134): The Departure Cities are:	[MsgId: MMSG-17999]
Flight_Booking.c(140): Seattle	[MsgId: MMSG-17999]
Flight_Booking.c(140): Sydney	[MsgId: MMSG-17999]
Flight_Booking.c(140): Zurich	[MsgId: MMSG-17999]
Flight_Booking.c(140): Denver	[MsgId: MMSG-17999]
Flight_Booking.c(140): Denver	[MsgId: MMSG-17999]
Flight_Booking.c(140): Frankfurt	[MsgId: MMSG-17999]
Flight_Booking.c(140): Frankfurt	[MsgId: MMSG-17999]
Flight_Booking.c(140): London	[MsgId: MMSG-17999]
Flight_Booking.c(140): Los Angeles	[MsgId: MMSG-17999]
Flight_Booking.c(140): London	[MsgId: MMSG-17999]
Flight_Booking.c(140): Los Angeles	[MsgId: MMSG-17999]
Flight_Booking.c(140): Paris	[MsgId: MMSG-17999]
Flight_Booking.c(140): Paris	[MsgId: MMSG-17999]
Flight_Booking.c(140): Portland	[MsgId: MMSG-17999]
Flight_Booking.c(140): Portland	[MsgId: MMSG-17999]
Flight_Booking.c(140): San Francisco	[MsgId: MMSG-17999]
Flight_Booking.c(140): Seattle	[MsgId: MMSG-17999]
Flight_Booking.c(140): Sydney	[MsgId: MMSG-17999]
Flight_Booking.c(140): Zurich	[MsgId: MMSG-17999]
Flight_Booking.c(140): Denver	[MsgId: MMSG-17999]
Flight_Booking.c(140): Frankfurt	[MsgId: MMSG-17999]
Flight_Booking.c(140): San Francisco	[MsgId: MMSG-17999]
Flight_Booking.c(140): Seattle	[MsgId: MMSG-17999]
Flight_Booking.c(140): Sydney	[MsgId: MMSG-17999]
Flight_Booking.c(140): Zurich	[MsgId: MMSG-17999]
Flight_Booking.c(144): Zurich	[MsgId: MMSG-17999]
Flight_Booking.c(140): London	[MsgId: MMSG-17999]
Flight_Booking.c(140): Los Angeles	[MsgId: MMSG-17999]
Flight_Booking.c(140): Paris	[MsgId: MMSG-17999]
Flight_Booking.c(140): Portland	[MsgId: MMSG-17999]
Flight_Booking.c(140): San Francisco	[MsgId: MMSG-17999]
Flight_Booking.c(140): Seattle	[MsgId: MMSG-17999]
Flight_Booking.c(140): Sydney	[MsgId: MMSG-17999]
Flight_Booking.c(140): Zurich	[MsgId: MMSG-17999]
Flight_Booking.c(144): Zurich	[MsgId: MMSG-17999]
